<?xml version="1.0" encoding="UTF-8"?>
<testng-results ignored="0" total="5" passed="4" failed="1" skipped="0">
  <reporter-output>
  </reporter-output>
  <suite started-at="2022-06-11T19:45:12 EET" name="Php Travels Test Cases" finished-at="2022-06-11T19:46:00 EET" duration-ms="47919">
    <groups>
    </groups>
    <test started-at="2022-06-11T19:45:12 EET" name="Php Travels Test Cases" finished-at="2022-06-11T19:46:00 EET" duration-ms="47919">
      <class name="PhpTravelsTestCases.validateFirstNameIsMandatoryTest">
        <test-method is-config="true" signature="getDriver()[pri:0, instance:PhpTravelsTestCases.validateFirstNameIsMandatoryTest@5824a83d]" started-at="2022-06-11T19:45:37 EET" name="getDriver" finished-at="2022-06-11T19:45:39 EET" duration-ms="1655" status="PASS">
          <reporter-output>
          </reporter-output>
        </test-method> <!-- getDriver -->
        <test-method is-config="true" signature="BeforeMethod()[pri:0, instance:PhpTravelsTestCases.validateFirstNameIsMandatoryTest@5824a83d]" started-at="2022-06-11T19:45:39 EET" name="BeforeMethod" finished-at="2022-06-11T19:45:41 EET" duration-ms="1639" status="PASS">
          <reporter-output>
          </reporter-output>
        </test-method> <!-- BeforeMethod -->
        <test-method signature="ValidateFirstNameIsmandatoryTest(java.lang.String, java.lang.String, java.lang.String, java.lang.String, java.lang.String, java.lang.String, java.lang.String, java.lang.String)[pri:0, instance:PhpTravelsTestCases.validateFirstNameIsMandatoryTest@5824a83d]" started-at="2022-06-11T19:45:41 EET" name="ValidateFirstNameIsmandatoryTest" data-provider="data" finished-at="2022-06-11T19:45:42 EET" duration-ms="1641" status="PASS">
          <params>
            <param index="0">
              <value>
                <![CDATA[Samaa]]>
              </value>
            </param>
            <param index="1">
              <value>
                <![CDATA[Mostafa]]>
              </value>
            </param>
            <param index="2">
              <value>
                <![CDATA[01025291670]]>
              </value>
            </param>
            <param index="3">
              <value>
                <![CDATA[sama.moez@gmail.com]]>
              </value>
            </param>
            <param index="4">
              <value>
                <![CDATA[Test@Atos]]>
              </value>
            </param>
            <param index="5">
              <value>
                <![CDATA[Agent]]>
              </value>
            </param>
            <param index="6">
              <value>
                <![CDATA[Please fill out this field.]]>
              </value>
            </param>
            <param index="7">
              <value>
                <![CDATA[first_name]]>
              </value>
            </param>
          </params>
          <reporter-output>
          </reporter-output>
        </test-method> <!-- ValidateFirstNameIsmandatoryTest -->
        <test-method is-config="true" signature="screenShotOnFailure(org.testng.ITestResult)[pri:0, instance:PhpTravelsTestCases.validateFirstNameIsMandatoryTest@5824a83d]" started-at="2022-06-11T19:45:42 EET" name="screenShotOnFailure" finished-at="2022-06-11T19:45:42 EET" duration-ms="1" status="PASS">
          <params>
            <param index="0">
              <value>
                <![CDATA[[TestResult name=ValidateFirstNameIsmandatoryTest status=SUCCESS method=validateFirstNameIsMandatoryTest.ValidateFirstNameIsmandatoryTest(java.lang.String, java.lang.String, java.lang.String, java.lang.String, java.lang.String, java.lang.String, java.lang.String, java.lang.String)[pri:0, instance:PhpTravelsTestCases.validateFirstNameIsMandatoryTest@5824a83d] output={null}]]]>
              </value>
            </param>
          </params>
          <reporter-output>
          </reporter-output>
        </test-method> <!-- screenShotOnFailure -->
        <test-method is-config="true" signature="closeDriver()[pri:0, instance:PhpTravelsTestCases.validateFirstNameIsMandatoryTest@5824a83d]" started-at="2022-06-11T19:45:42 EET" name="closeDriver" finished-at="2022-06-11T19:45:43 EET" duration-ms="216" status="PASS">
          <reporter-output>
          </reporter-output>
        </test-method> <!-- closeDriver -->
      </class> <!-- PhpTravelsTestCases.validateFirstNameIsMandatoryTest -->
      <class name="PhpTravelsTestCases.loginSuccessullyTest">
        <test-method is-config="true" signature="getDriver()[pri:0, instance:PhpTravelsTestCases.loginSuccessullyTest@7b36aa0c]" started-at="2022-06-11T19:45:12 EET" name="getDriver" finished-at="2022-06-11T19:45:14 EET" duration-ms="1964" status="PASS">
          <reporter-output>
          </reporter-output>
        </test-method> <!-- getDriver -->
        <test-method is-config="true" signature="BeforeMethod()[pri:0, instance:PhpTravelsTestCases.loginSuccessullyTest@7b36aa0c]" started-at="2022-06-11T19:45:14 EET" name="BeforeMethod" finished-at="2022-06-11T19:45:15 EET" duration-ms="1717" status="PASS">
          <reporter-output>
          </reporter-output>
        </test-method> <!-- BeforeMethod -->
        <test-method signature="loginSuccessfullyTest(java.lang.String, java.lang.String, java.lang.String)[pri:0, instance:PhpTravelsTestCases.loginSuccessullyTest@7b36aa0c]" started-at="2022-06-11T19:45:16 EET" name="loginSuccessfullyTest" data-provider="data" finished-at="2022-06-11T19:45:37 EET" duration-ms="21645" status="FAIL">
          <params>
            <param index="0">
              <value>
                <![CDATA[sama.moez@gmail.com]]>
              </value>
            </param>
            <param index="1">
              <value>
                <![CDATA[Test@Atos]]>
              </value>
            </param>
            <param index="2">
              <value>
                <![CDATA[Samaa]]>
              </value>
            </param>
          </params>
          <exception class="org.openqa.selenium.NoSuchElementException">
            <message>
              <![CDATA[no such element: Unable to locate element: {"method":"xpath","selector":"//div[@class='breadcrumb-content']//child::h2"}
  (Session info: chrome=102.0.5005.63)
For documentation on this error, please visit: https://www.seleniumhq.org/exceptions/no_such_element.html
Build info: version: '3.141.59', revision: 'e82be7d358', time: '2018-11-14T08:17:03'
System info: host: 'SMSTFA-LT-10667', ip: '192.168.1.9', os.name: 'Windows 10', os.arch: 'amd64', os.version: '10.0', java.version: '17.0.2'
Driver info: org.openqa.selenium.chrome.ChromeDriver
Capabilities {acceptInsecureCerts: true, browserName: chrome, browserVersion: 102.0.5005.63, chrome: {chromedriverVersion: 102.0.5005.61 (0e59bcc00cc4..., userDataDir: C:\Users\SAMAA~1.MOS\AppDat...}, goog:chromeOptions: {debuggerAddress: localhost:61133}, javascriptEnabled: true, networkConnectionEnabled: false, pageLoadStrategy: normal, platform: WINDOWS, platformName: WINDOWS, proxy: Proxy(), setWindowRect: true, strictFileInteractability: false, timeouts: {implicit: 0, pageLoad: 300000, script: 30000}, unhandledPromptBehavior: dismiss and notify, webauthn:extension:credBlob: true, webauthn:extension:largeBlob: true, webauthn:virtualAuthenticators: true}
Session ID: f862755243f643a50ce5fcb46580f2fd
*** Element info: {Using=xpath, value=//div[@class='breadcrumb-content']//child::h2}]]>
            </message>
            <full-stacktrace>
              <![CDATA[org.openqa.selenium.NoSuchElementException: no such element: Unable to locate element: {"method":"xpath","selector":"//div[@class='breadcrumb-content']//child::h2"}
  (Session info: chrome=102.0.5005.63)
For documentation on this error, please visit: https://www.seleniumhq.org/exceptions/no_such_element.html
Build info: version: '3.141.59', revision: 'e82be7d358', time: '2018-11-14T08:17:03'
System info: host: 'SMSTFA-LT-10667', ip: '192.168.1.9', os.name: 'Windows 10', os.arch: 'amd64', os.version: '10.0', java.version: '17.0.2'
Driver info: org.openqa.selenium.chrome.ChromeDriver
Capabilities {acceptInsecureCerts: true, browserName: chrome, browserVersion: 102.0.5005.63, chrome: {chromedriverVersion: 102.0.5005.61 (0e59bcc00cc4..., userDataDir: C:\Users\SAMAA~1.MOS\AppDat...}, goog:chromeOptions: {debuggerAddress: localhost:61133}, javascriptEnabled: true, networkConnectionEnabled: false, pageLoadStrategy: normal, platform: WINDOWS, platformName: WINDOWS, proxy: Proxy(), setWindowRect: true, strictFileInteractability: false, timeouts: {implicit: 0, pageLoad: 300000, script: 30000}, unhandledPromptBehavior: dismiss and notify, webauthn:extension:credBlob: true, webauthn:extension:largeBlob: true, webauthn:virtualAuthenticators: true}
Session ID: f862755243f643a50ce5fcb46580f2fd
*** Element info: {Using=xpath, value=//div[@class='breadcrumb-content']//child::h2}
at java.base/jdk.internal.reflect.NativeConstructorAccessorImpl.newInstance0(Native Method)
at java.base/jdk.internal.reflect.NativeConstructorAccessorImpl.newInstance(NativeConstructorAccessorImpl.java:77)
at java.base/jdk.internal.reflect.DelegatingConstructorAccessorImpl.newInstance(DelegatingConstructorAccessorImpl.java:45)
at java.base/java.lang.reflect.Constructor.newInstanceWithCaller(Constructor.java:499)
at java.base/java.lang.reflect.Constructor.newInstance(Constructor.java:480)
at org.openqa.selenium.remote.http.W3CHttpResponseCodec.createException(W3CHttpResponseCodec.java:187)
at org.openqa.selenium.remote.http.W3CHttpResponseCodec.decode(W3CHttpResponseCodec.java:122)
at org.openqa.selenium.remote.http.W3CHttpResponseCodec.decode(W3CHttpResponseCodec.java:49)
at org.openqa.selenium.remote.HttpCommandExecutor.execute(HttpCommandExecutor.java:158)
at org.openqa.selenium.remote.service.DriverCommandExecutor.execute(DriverCommandExecutor.java:83)
at org.openqa.selenium.remote.RemoteWebDriver.execute(RemoteWebDriver.java:552)
at org.openqa.selenium.remote.RemoteWebDriver.findElement(RemoteWebDriver.java:323)
at org.openqa.selenium.remote.RemoteWebDriver.findElementByXPath(RemoteWebDriver.java:428)
at org.openqa.selenium.By$ByXPath.findElement(By.java:353)
at org.openqa.selenium.remote.RemoteWebDriver.findElement(RemoteWebDriver.java:315)
at pages.dashboardPage.getWelcomeMsg(dashboardPage.java:25)
at PhpTravelsTestCases.loginSuccessullyTest.loginSuccessfullyTest(loginSuccessullyTest.java:61)
at java.base/jdk.internal.reflect.NativeMethodAccessorImpl.invoke0(Native Method)
at java.base/jdk.internal.reflect.NativeMethodAccessorImpl.invoke(NativeMethodAccessorImpl.java:77)
at java.base/jdk.internal.reflect.DelegatingMethodAccessorImpl.invoke(DelegatingMethodAccessorImpl.java:43)
at java.base/java.lang.reflect.Method.invoke(Method.java:568)
at org.testng.internal.MethodInvocationHelper.invokeMethod(MethodInvocationHelper.java:133)
at org.testng.internal.TestInvoker.invokeMethod(TestInvoker.java:584)
at org.testng.internal.TestInvoker.invokeTestMethod(TestInvoker.java:172)
at org.testng.internal.TestMethodWithDataProviderMethodWorker.call(TestMethodWithDataProviderMethodWorker.java:77)
at org.testng.internal.TestMethodWithDataProviderMethodWorker.call(TestMethodWithDataProviderMethodWorker.java:15)
at java.base/java.util.concurrent.FutureTask.run(FutureTask.java:264)
at java.base/java.util.concurrent.Executors$RunnableAdapter.call(Executors.java:539)
at java.base/java.util.concurrent.FutureTask.run(FutureTask.java:264)
at java.base/java.util.concurrent.ThreadPoolExecutor.runWorker(ThreadPoolExecutor.java:1136)
at java.base/java.util.concurrent.ThreadPoolExecutor$Worker.run(ThreadPoolExecutor.java:635)
at java.base/java.lang.Thread.run(Thread.java:833)
]]>
            </full-stacktrace>
          </exception> <!-- org.openqa.selenium.NoSuchElementException -->
          <reporter-output>
          </reporter-output>
        </test-method> <!-- loginSuccessfullyTest -->
        <test-method is-config="true" signature="screenShotOnFailure(org.testng.ITestResult)[pri:0, instance:PhpTravelsTestCases.loginSuccessullyTest@7b36aa0c]" started-at="2022-06-11T19:45:37 EET" name="screenShotOnFailure" finished-at="2022-06-11T19:45:37 EET" duration-ms="116" status="PASS">
          <params>
            <param index="0">
              <value>
                <![CDATA[[TestResult name=loginSuccessfullyTest status=FAILURE method=loginSuccessullyTest.loginSuccessfullyTest(java.lang.String, java.lang.String, java.lang.String)[pri:0, instance:PhpTravelsTestCases.loginSuccessullyTest@7b36aa0c] output={null}]]]>
              </value>
            </param>
          </params>
          <reporter-output>
          </reporter-output>
        </test-method> <!-- screenShotOnFailure -->
        <test-method is-config="true" signature="closeDriver()[pri:0, instance:PhpTravelsTestCases.loginSuccessullyTest@7b36aa0c]" started-at="2022-06-11T19:45:37 EET" name="closeDriver" finished-at="2022-06-11T19:45:37 EET" duration-ms="88" status="PASS">
          <reporter-output>
          </reporter-output>
        </test-method> <!-- closeDriver -->
      </class> <!-- PhpTravelsTestCases.loginSuccessullyTest -->
      <class name="PhpTravelsTestCases.validateMailIsMandatoryTest">
        <test-method is-config="true" signature="getDriver()[pri:0, instance:PhpTravelsTestCases.validateMailIsMandatoryTest@5677323c]" started-at="2022-06-11T19:45:51 EET" name="getDriver" finished-at="2022-06-11T19:45:52 EET" duration-ms="789" status="PASS">
          <reporter-output>
          </reporter-output>
        </test-method> <!-- getDriver -->
        <test-method is-config="true" signature="BeforeMethod()[pri:0, instance:PhpTravelsTestCases.validateMailIsMandatoryTest@5677323c]" started-at="2022-06-11T19:45:52 EET" name="BeforeMethod" finished-at="2022-06-11T19:45:54 EET" duration-ms="1776" status="PASS">
          <reporter-output>
          </reporter-output>
        </test-method> <!-- BeforeMethod -->
        <test-method signature="VerifyMailIsmandatoryTest(java.lang.String, java.lang.String, java.lang.String, java.lang.String, java.lang.String, java.lang.String, java.lang.String, java.lang.String)[pri:0, instance:PhpTravelsTestCases.validateMailIsMandatoryTest@5677323c]" started-at="2022-06-11T19:45:54 EET" name="VerifyMailIsmandatoryTest" data-provider="data" finished-at="2022-06-11T19:45:55 EET" duration-ms="1632" status="PASS">
          <params>
            <param index="0">
              <value>
                <![CDATA[Samaa]]>
              </value>
            </param>
            <param index="1">
              <value>
                <![CDATA[Mostafa]]>
              </value>
            </param>
            <param index="2">
              <value>
                <![CDATA[01025291670]]>
              </value>
            </param>
            <param index="3">
              <value>
                <![CDATA[sama.moez@gmail.com]]>
              </value>
            </param>
            <param index="4">
              <value>
                <![CDATA[Test@Atos]]>
              </value>
            </param>
            <param index="5">
              <value>
                <![CDATA[Customer]]>
              </value>
            </param>
            <param index="6">
              <value>
                <![CDATA[Please fill out this field.]]>
              </value>
            </param>
            <param index="7">
              <value>
                <![CDATA[email]]>
              </value>
            </param>
          </params>
          <reporter-output>
          </reporter-output>
        </test-method> <!-- VerifyMailIsmandatoryTest -->
        <test-method is-config="true" signature="screenShotOnFailure(org.testng.ITestResult)[pri:0, instance:PhpTravelsTestCases.validateMailIsMandatoryTest@5677323c]" started-at="2022-06-11T19:45:55 EET" name="screenShotOnFailure" finished-at="2022-06-11T19:45:55 EET" duration-ms="0" status="PASS">
          <params>
            <param index="0">
              <value>
                <![CDATA[[TestResult name=VerifyMailIsmandatoryTest status=SUCCESS method=validateMailIsMandatoryTest.VerifyMailIsmandatoryTest(java.lang.String, java.lang.String, java.lang.String, java.lang.String, java.lang.String, java.lang.String, java.lang.String, java.lang.String)[pri:0, instance:PhpTravelsTestCases.validateMailIsMandatoryTest@5677323c] output={null}]]]>
              </value>
            </param>
          </params>
          <reporter-output>
          </reporter-output>
        </test-method> <!-- screenShotOnFailure -->
        <test-method is-config="true" signature="closeDriver()[pri:0, instance:PhpTravelsTestCases.validateMailIsMandatoryTest@5677323c]" started-at="2022-06-11T19:45:55 EET" name="closeDriver" finished-at="2022-06-11T19:45:56 EET" duration-ms="193" status="PASS">
          <reporter-output>
          </reporter-output>
        </test-method> <!-- closeDriver -->
      </class> <!-- PhpTravelsTestCases.validateMailIsMandatoryTest -->
      <class name="PhpTravelsTestCases.validatePasswordIsMandatoryTest">
        <test-method is-config="true" signature="getDriver()[pri:0, instance:PhpTravelsTestCases.validatePasswordIsMandatoryTest@18df8434]" started-at="2022-06-11T19:45:56 EET" name="getDriver" finished-at="2022-06-11T19:45:56 EET" duration-ms="668" status="PASS">
          <reporter-output>
          </reporter-output>
        </test-method> <!-- getDriver -->
        <test-method is-config="true" signature="BeforeMethod()[pri:0, instance:PhpTravelsTestCases.validatePasswordIsMandatoryTest@18df8434]" started-at="2022-06-11T19:45:56 EET" name="BeforeMethod" finished-at="2022-06-11T19:45:58 EET" duration-ms="1536" status="PASS">
          <reporter-output>
          </reporter-output>
        </test-method> <!-- BeforeMethod -->
        <test-method signature="VerifyPasswordIsmandatoryTest(java.lang.String, java.lang.String, java.lang.String, java.lang.String, java.lang.String, java.lang.String, java.lang.String, java.lang.String)[pri:0, instance:PhpTravelsTestCases.validatePasswordIsMandatoryTest@18df8434]" started-at="2022-06-11T19:45:58 EET" name="VerifyPasswordIsmandatoryTest" data-provider="data" finished-at="2022-06-11T19:45:59 EET" duration-ms="1607" status="PASS">
          <params>
            <param index="0">
              <value>
                <![CDATA[Samaa]]>
              </value>
            </param>
            <param index="1">
              <value>
                <![CDATA[Mostafa]]>
              </value>
            </param>
            <param index="2">
              <value>
                <![CDATA[01025291670]]>
              </value>
            </param>
            <param index="3">
              <value>
                <![CDATA[sama.moez@gmail.com]]>
              </value>
            </param>
            <param index="4">
              <value>
                <![CDATA[Test@Atos]]>
              </value>
            </param>
            <param index="5">
              <value>
                <![CDATA[Supplier]]>
              </value>
            </param>
            <param index="6">
              <value>
                <![CDATA[Please fill out this field.]]>
              </value>
            </param>
            <param index="7">
              <value>
                <![CDATA[password]]>
              </value>
            </param>
          </params>
          <reporter-output>
          </reporter-output>
        </test-method> <!-- VerifyPasswordIsmandatoryTest -->
        <test-method is-config="true" signature="screenShotOnFailure(org.testng.ITestResult)[pri:0, instance:PhpTravelsTestCases.validatePasswordIsMandatoryTest@18df8434]" started-at="2022-06-11T19:45:59 EET" name="screenShotOnFailure" finished-at="2022-06-11T19:45:59 EET" duration-ms="0" status="PASS">
          <params>
            <param index="0">
              <value>
                <![CDATA[[TestResult name=VerifyPasswordIsmandatoryTest status=SUCCESS method=validatePasswordIsMandatoryTest.VerifyPasswordIsmandatoryTest(java.lang.String, java.lang.String, java.lang.String, java.lang.String, java.lang.String, java.lang.String, java.lang.String, java.lang.String)[pri:0, instance:PhpTravelsTestCases.validatePasswordIsMandatoryTest@18df8434] output={null}]]]>
              </value>
            </param>
          </params>
          <reporter-output>
          </reporter-output>
        </test-method> <!-- screenShotOnFailure -->
        <test-method is-config="true" signature="closeDriver()[pri:0, instance:PhpTravelsTestCases.validatePasswordIsMandatoryTest@18df8434]" started-at="2022-06-11T19:45:59 EET" name="closeDriver" finished-at="2022-06-11T19:46:00 EET" duration-ms="187" status="PASS">
          <reporter-output>
          </reporter-output>
        </test-method> <!-- closeDriver -->
      </class> <!-- PhpTravelsTestCases.validatePasswordIsMandatoryTest -->
      <class name="PhpTravelsTestCases.validateLastNameIsMandatoryTest">
        <test-method is-config="true" signature="getDriver()[pri:0, instance:PhpTravelsTestCases.validateLastNameIsMandatoryTest@537f60bf]" started-at="2022-06-11T19:45:43 EET" name="getDriver" finished-at="2022-06-11T19:45:43 EET" duration-ms="716" status="PASS">
          <reporter-output>
          </reporter-output>
        </test-method> <!-- getDriver -->
        <test-method is-config="true" signature="BeforeMethod()[pri:0, instance:PhpTravelsTestCases.validateLastNameIsMandatoryTest@537f60bf]" started-at="2022-06-11T19:45:43 EET" name="BeforeMethod" finished-at="2022-06-11T19:45:49 EET" duration-ms="5986" status="PASS">
          <reporter-output>
          </reporter-output>
        </test-method> <!-- BeforeMethod -->
        <test-method signature="ValidateLastNameIsmandatoryTest(java.lang.String, java.lang.String, java.lang.String, java.lang.String, java.lang.String, java.lang.String, java.lang.String, java.lang.String)[pri:0, instance:PhpTravelsTestCases.validateLastNameIsMandatoryTest@537f60bf]" started-at="2022-06-11T19:45:49 EET" name="ValidateLastNameIsmandatoryTest" data-provider="data" finished-at="2022-06-11T19:45:51 EET" duration-ms="1588" status="PASS">
          <params>
            <param index="0">
              <value>
                <![CDATA[Samaa]]>
              </value>
            </param>
            <param index="1">
              <value>
                <![CDATA[Mostafa]]>
              </value>
            </param>
            <param index="2">
              <value>
                <![CDATA[01025291670]]>
              </value>
            </param>
            <param index="3">
              <value>
                <![CDATA[sama.moez@gmail.com]]>
              </value>
            </param>
            <param index="4">
              <value>
                <![CDATA[Test@Atos]]>
              </value>
            </param>
            <param index="5">
              <value>
                <![CDATA[Agent]]>
              </value>
            </param>
            <param index="6">
              <value>
                <![CDATA[Please fill out this field.]]>
              </value>
            </param>
            <param index="7">
              <value>
                <![CDATA[last_name]]>
              </value>
            </param>
          </params>
          <reporter-output>
          </reporter-output>
        </test-method> <!-- ValidateLastNameIsmandatoryTest -->
        <test-method is-config="true" signature="screenShotOnFailure(org.testng.ITestResult)[pri:0, instance:PhpTravelsTestCases.validateLastNameIsMandatoryTest@537f60bf]" started-at="2022-06-11T19:45:51 EET" name="screenShotOnFailure" finished-at="2022-06-11T19:45:51 EET" duration-ms="1" status="PASS">
          <params>
            <param index="0">
              <value>
                <![CDATA[[TestResult name=ValidateLastNameIsmandatoryTest status=SUCCESS method=validateLastNameIsMandatoryTest.ValidateLastNameIsmandatoryTest(java.lang.String, java.lang.String, java.lang.String, java.lang.String, java.lang.String, java.lang.String, java.lang.String, java.lang.String)[pri:0, instance:PhpTravelsTestCases.validateLastNameIsMandatoryTest@537f60bf] output={null}]]]>
              </value>
            </param>
          </params>
          <reporter-output>
          </reporter-output>
        </test-method> <!-- screenShotOnFailure -->
        <test-method is-config="true" signature="closeDriver()[pri:0, instance:PhpTravelsTestCases.validateLastNameIsMandatoryTest@537f60bf]" started-at="2022-06-11T19:45:51 EET" name="closeDriver" finished-at="2022-06-11T19:45:51 EET" duration-ms="157" status="PASS">
          <reporter-output>
          </reporter-output>
        </test-method> <!-- closeDriver -->
      </class> <!-- PhpTravelsTestCases.validateLastNameIsMandatoryTest -->
    </test> <!-- Php Travels Test Cases -->
  </suite> <!-- Php Travels Test Cases -->
</testng-results>
